[INFO ] 2023-08-04 17:36:01.985 [main] Log - Sauselab URL is loaded
[INFO ] 2023-08-04 17:36:01.988 [main] Log - Enter username 
[INFO ] 2023-08-04 17:36:02.087 [main] Log - Enter  Password
[INFO ] 2023-08-04 17:36:02.246 [main] Log - Click login BTN
[INFO ] 2023-08-04 17:41:20.543 [main] CustomListener - testCreateUser--                      ^^^^^^^^^^^^^^^^^^^^^^^^^^^^^^^^^^^^  
[INFO ] 2023-08-04 17:41:20.546 [main] CustomListener - testCreateUser--                                OOO    KK KK    
[INFO ] 2023-08-04 17:41:20.546 [main] CustomListener - testCreateUser--                               OO OO   KKK      
[INFO ] 2023-08-04 17:41:20.556 [main] CustomListener - testCreateUser--                                OOO    KK KK   
[INFO ] 2023-08-04 17:41:20.556 [main] CustomListener - testCreateUser--                      ^^^^^^^^^^^^^^^^^^^^^^^^^^^^^^^^^^^^  
[INFO ] 2023-08-04 17:41:21.125 [main] CustomListener - testGetUser--                      ^^^^^^^^^^^^^^^^^^^^^^^^^^^^^^^^^^^^  
[INFO ] 2023-08-04 17:41:21.125 [main] CustomListener - testGetUser--                                OOO    KK KK    
[INFO ] 2023-08-04 17:41:21.125 [main] CustomListener - testGetUser--                               OO OO   KKK      
[INFO ] 2023-08-04 17:41:21.125 [main] CustomListener - testGetUser--                                OOO    KK KK   
[INFO ] 2023-08-04 17:41:21.125 [main] CustomListener - testGetUser--                      ^^^^^^^^^^^^^^^^^^^^^^^^^^^^^^^^^^^^  
[INFO ] 2023-08-04 17:41:21.716 [main] CustomListener - testUpdatetUser--                      ^^^^^^^^^^^^^^^^^^^^^^^^^^^^^^^^^^^^  
[INFO ] 2023-08-04 17:41:21.717 [main] CustomListener - testUpdatetUser--                                OOO    KK KK    
[INFO ] 2023-08-04 17:41:21.717 [main] CustomListener - testUpdatetUser--                               OO OO   KKK      
[INFO ] 2023-08-04 17:41:21.717 [main] CustomListener - testUpdatetUser--                                OOO    KK KK   
[INFO ] 2023-08-04 17:41:21.717 [main] CustomListener - testUpdatetUser--                      ^^^^^^^^^^^^^^^^^^^^^^^^^^^^^^^^^^^^  
[INFO ] 2023-08-04 17:41:23.347 [main] CustomListener - testDeleteUser--                      ^^^^^^^^^^^^^^^^^^^^^^^^^^^^^^^^^^^^  
[INFO ] 2023-08-04 17:41:23.347 [main] CustomListener - testDeleteUser--                                OOO    KK KK    
[INFO ] 2023-08-04 17:41:23.347 [main] CustomListener - testDeleteUser--                               OO OO   KKK      
[INFO ] 2023-08-04 17:41:23.347 [main] CustomListener - testDeleteUser--                                OOO    KK KK   
[INFO ] 2023-08-04 17:41:23.347 [main] CustomListener - testDeleteUser--                      ^^^^^^^^^^^^^^^^^^^^^^^^^^^^^^^^^^^^  
